(---------------------------------------------------------------------)
(                                                                     )
(    Allegro Netrev Import Logic                                      )
(                                                                     )
(    Drawing          : DATAHSS.brd                                   )
(    Software Version : 17.2P019                                      )
(    Date/Time        : Sat Jan 06 20:19:08 2018                      )
(                                                                     )
(---------------------------------------------------------------------)


------ Directives ------------

Ripup etch:                  No
Ripup delete first segment:  No
Ripup retain bondwire:       No
Ripup symbols:               Always
Missing symbol has error:    No
DRC update:                  Yes
Schematic directory:         'C:\TEMP\allegro'
Design Directory:            '.'
Old design name:             'C:/temp/allegro/DATAHSS.brd'
New design name:             'DATAHSS.brd'

CmdLine: netrev.exe -y 1 -i C:\TEMP\allegro C:\temp\allegro\DATAHSS.brd C:\TEMP\allegro\DATAHSS.brd

------ Preparing to read pst files ------

Starting to read C:/TEMP/allegro/pstchip.dat 
   Finished reading C:/TEMP/allegro/pstchip.dat (00:00:00.03)
Starting to read C:/TEMP/allegro/pstxprt.dat 
   Finished reading C:/TEMP/allegro/pstxprt.dat (00:00:00.00)
Starting to read C:/TEMP/allegro/pstxnet.dat 
   Finished reading C:/TEMP/allegro/pstxnet.dat (00:00:00.00)

------ Oversights/Warnings/Errors ------


------ Library Paths ------
MODULEPATH =  . 
           c:/cadence/spb_17.2/share/local/pcb/modules 

PSMPATH =  C:/ORCAD_PERSONAL_LIBRARY/FOOTPRINTS 
           C:/ORCAD_PERSONAL_LIBRARY/Libreria_Orcad/Footprints/ 
           . 
           symbols 
           .. 
           ../symbols 
           c:/cadence/spb_17.2/share/local/pcb/symbols 
           c:/cadence/spb_17.2/share/pcb/pcb_lib/symbols 
           c:/cadence/spb_17.2/share/pcb/allegrolib/symbols 

PADPATH =  C:/ORCAD_PERSONAL_LIBRARY/PADSTACKS/ 
           . 
           symbols 
           .. 
           ../symbols 
           c:/cadence/spb_17.2/share/local/pcb/padstacks 
           c:/cadence/spb_17.2/share/pcb/pcb_lib/symbols 
           c:/cadence/spb_17.2/share/pcb/allegrolib/symbols 


------ Summary Statistics ------


netrev run on Jan 6 20:19:08 2018
   DESIGN NAME : 'DATAHSS'
   PACKAGING ON Mar  2 2016 00:37:24

   COMPILE 'logic'
   CHECK_PIN_NAMES OFF
   CROSS_REFERENCE OFF
   FEEDBACK OFF
   INCREMENTAL OFF
   INTERFACE_TYPE PHYSICAL
   MAX_ERRORS 500
   MERGE_MINIMUM 5
   NET_NAME_CHARS '#%&()*+-./:=>?@[]^_`|'
   NET_NAME_LENGTH 24
   OVERSIGHTS ON
   REPLACE_CHECK OFF
   SINGLE_NODE_NETS ON
   SPLIT_MINIMUM 0
   SUPPRESS   20
   WARNINGS ON

 No error detected
 No oversight detected
 No warning detected

cpu time      0:00:18
elapsed time  0:00:00

