Mon Jan 29 10:49:31 2018				Page     1


 
Update Symbols/Modules Logfile
	Mon Jan 29 10:49:31 2018

------ Module Refresh Messages ------

SUMMARY:    Updated 0 out of 0 modules

------ End Module Messages     ------



(---------------------------------------------------------------------)
(                                                                     )
(    Refresh Symbol                                                   )
(                                                                     )
(    Drawing          : DATAHSS.brd                                   )
(    Software Version : 17.2P019                                      )
(    Date/Time        : Mon Jan 29 10:49:32 2018                      )
(                                                                     )
(---------------------------------------------------------------------)


Mon Jan 29 10:49:32 2018				Page     1


------ Symbol Refresh Directives ------

Input design  = 'C:/Users/gino/Desktop/DATAHSS/datahss_project/allegro/DATAHSS.brd'
Output design = ''

Update mechanical symbols              = 'NO'
Update format symbols                  = 'NO'
Update package symbols                 = 'NO'
Update shape/flash symbols             = 'NO'
Update symbol padstacks                = 'NO'
Preserve padstacks replaced on pins    = 'NO'
Reset symbol text and size locations   = 'NO'
Reset Pin Escapes (fanouts)            = 'NO'
Ripup Etch                             = 'NO'
Reset custom drill data                = 'NO'
Symbol list file                       = 'C:/Users/gino/AppData/Local/Temp/#Taaaaab03664.tmp'


------ Library Paths ------
PSMPATH =  C:/ORCAD_PERSONAL_LIBRARY/FOOTPRINTS 
           C:/ORCAD_PERSONAL_LIBRARY/Libreria_Orcad/Footprints/ 
           . 
           symbols 
           .. 
           ../symbols 
           c:/cadence/spb_17.2/share/local/pcb/symbols 
           c:/cadence/spb_17.2/share/pcb/pcb_lib/symbols 
           c:/cadence/spb_17.2/share/pcb/allegrolib/symbols 

PADPATH =  C:/ORCAD_PERSONAL_LIBRARY/PADSTACKS/ 
           . 
           symbols 
           .. 
           ../symbols 
           c:/cadence/spb_17.2/share/local/pcb/padstacks 
           c:/cadence/spb_17.2/share/pcb/pcb_lib/symbols 
           c:/cadence/spb_17.2/share/pcb/allegrolib/symbols 


------ Symbol Refresh Messages ------

'SN_PTH_CONNECTOR_2PIN_2D54MM'  symbol refreshed successfully.


----- Symbol Update Summary ----

Updated symbols: 1 out 1
    Design updated.

